2024-11-14 12:28:53,724 INFO [Test worker] m.ApplicationManager [ApplicationManager.java:32] - Test started on Firefox browser
2024-11-14 12:28:54,312 INFO [Test worker] m.ApplicationManager [ApplicationManager.java:38] - Navigating to --->https://telranedu.web.app/home
2024-11-14 12:28:54,324 INFO [Test worker] t.TestBase [TestBase.java:25] - Starting test ---> addNewContactPositiveTest
2024-11-14 12:28:54,326 INFO [Test worker] m.WDListener [WDListener.java:21] - Start looking for element by locator ---> By.xpath: //*[.='Sing Out']
2024-11-14 12:28:57,349 INFO [Test worker] m.WDListener [WDListener.java:27] - Element with locator ---> By.xpath: //*[.='Sing Out'] is found
2024-11-14 12:28:57,349 INFO [Test worker] m.WDListener [WDListener.java:21] - Start looking for element by locator ---> By.xpath: //*[.='LOGIN']
2024-11-14 12:28:57,359 INFO [Test worker] m.WDListener [WDListener.java:27] - Element with locator ---> By.xpath: //*[.='LOGIN'] is found
2024-11-14 12:28:57,600 INFO [Test worker] m.WDListener [WDListener.java:21] - Start looking for element by locator ---> By.xpath: //input[1]
2024-11-14 12:28:57,607 INFO [Test worker] m.WDListener [WDListener.java:27] - Element with locator ---> By.xpath: //input[1] is found
2024-11-14 12:28:57,879 INFO [Test worker] m.WDListener [WDListener.java:21] - Start looking for element by locator ---> By.xpath: //input[2]
2024-11-14 12:28:57,883 INFO [Test worker] m.WDListener [WDListener.java:27] - Element with locator ---> By.xpath: //input[2] is found
2024-11-14 12:28:58,117 INFO [Test worker] m.WDListener [WDListener.java:21] - Start looking for element by locator ---> By.xpath: //button[1]
2024-11-14 12:28:58,122 INFO [Test worker] m.WDListener [WDListener.java:27] - Element with locator ---> By.xpath: //button[1] is found
2024-11-14 12:28:58,345 INFO [Test worker] m.NGListener [NGListener.java:16] - Start test ---> addNewContactPositiveTest
2024-11-14 12:28:58,349 INFO [Test worker] m.WDListener [WDListener.java:21] - Start looking for element by locator ---> By.xpath: //a[.='ADD']
2024-11-14 12:28:59,146 INFO [Test worker] m.WDListener [WDListener.java:27] - Element with locator ---> By.xpath: //a[.='ADD'] is found
2024-11-14 12:28:59,368 INFO [Test worker] m.WDListener [WDListener.java:21] - Start looking for element by locator ---> By.cssSelector: [placeholder='Name']
2024-11-14 12:28:59,375 INFO [Test worker] m.WDListener [WDListener.java:27] - Element with locator ---> By.cssSelector: [placeholder='Name'] is found
2024-11-14 12:28:59,621 INFO [Test worker] m.WDListener [WDListener.java:21] - Start looking for element by locator ---> By.cssSelector: [placeholder='Last Name']
2024-11-14 12:28:59,626 INFO [Test worker] m.WDListener [WDListener.java:27] - Element with locator ---> By.cssSelector: [placeholder='Last Name'] is found
2024-11-14 12:28:59,866 INFO [Test worker] m.WDListener [WDListener.java:21] - Start looking for element by locator ---> By.cssSelector: [placeholder='Phone']
2024-11-14 12:28:59,870 INFO [Test worker] m.WDListener [WDListener.java:27] - Element with locator ---> By.cssSelector: [placeholder='Phone'] is found
2024-11-14 12:29:00,108 INFO [Test worker] m.WDListener [WDListener.java:21] - Start looking for element by locator ---> By.cssSelector: [placeholder='email']
2024-11-14 12:29:00,112 INFO [Test worker] m.WDListener [WDListener.java:27] - Element with locator ---> By.cssSelector: [placeholder='email'] is found
2024-11-14 12:29:00,353 INFO [Test worker] m.WDListener [WDListener.java:21] - Start looking for element by locator ---> By.cssSelector: [placeholder='Address']
2024-11-14 12:29:00,357 INFO [Test worker] m.WDListener [WDListener.java:27] - Element with locator ---> By.cssSelector: [placeholder='Address'] is found
2024-11-14 12:29:00,598 INFO [Test worker] m.WDListener [WDListener.java:21] - Start looking for element by locator ---> By.cssSelector: [placeholder='description']
2024-11-14 12:29:00,603 INFO [Test worker] m.WDListener [WDListener.java:27] - Element with locator ---> By.cssSelector: [placeholder='description'] is found
2024-11-14 12:29:00,838 INFO [Test worker] m.WDListener [WDListener.java:21] - Start looking for element by locator ---> By.xpath: //button[.='Save']
2024-11-14 12:29:00,842 INFO [Test worker] m.WDListener [WDListener.java:27] - Element with locator ---> By.xpath: //button[.='Save'] is found
2024-11-14 12:29:01,058 INFO [Test worker] m.WDListener [WDListener.java:21] - Start looking for element by locator ---> By.xpath: //div[@class='contact-item_card__2SOIM'][last()]//h3
2024-11-14 12:29:01,397 INFO [Test worker] m.WDListener [WDListener.java:27] - Element with locator ---> By.xpath: //div[@class='contact-item_card__2SOIM'][last()]//h3 is found
2024-11-14 12:29:01,405 INFO [Test worker] m.NGListener [NGListener.java:22] - Test passed ---> addNewContactPositiveTest
2024-11-14 12:29:01,406 INFO [Test worker] t.TestBase [TestBase.java:30] - Finished test <--- addNewContactPositiveTest
2024-11-14 12:29:01,406 INFO [Test worker] t.TestBase [TestBase.java:31] - ========================================
2024-11-14 12:29:01,407 INFO [Test worker] t.TestBase [TestBase.java:25] - Starting test ---> loginPositiveTest
2024-11-14 12:29:01,407 INFO [Test worker] m.NGListener [NGListener.java:16] - Start test ---> loginPositiveTest
2024-11-14 12:29:01,407 INFO [Test worker] m.WDListener [WDListener.java:21] - Start looking for element by locator ---> By.xpath: //*[.='LOGIN']
2024-11-14 12:29:04,425 INFO [Test worker] m.WDListener [WDListener.java:33] - Something went wrong!!!
2024-11-14 12:29:04,427 INFO [Test worker] m.WDListener [WDListener.java:34] - Unable to locate element: //*[.='LOGIN']
For documentation on this error, please visit: https://selenium.dev/exceptions/#no_such_element
Build info: version: '4.8.0', revision: '267030adea'
System info: os.name: 'Mac OS X', os.arch: 'aarch64', os.version: '14.6.1', java.version: '23.0.1'
Driver info: org.openqa.selenium.firefox.FirefoxDriver
Command: [c88a20f3-697c-4f2d-abbd-0381cd2887df, findElement {using=xpath, value=//*[.='LOGIN']}]
Capabilities {acceptInsecureCerts: true, browserName: firefox, browserVersion: 132.0.1, moz:accessibilityChecks: false, moz:buildID: 20241103194048, moz:geckodriverVersion: 0.35.0, moz:headless: false, moz:platformVersion: 23.6.0, moz:processID: 3372, moz:profile: /var/folders/pz/m8h_44jj1k9..., moz:shutdownTimeout: 60000, moz:webdriverClick: true, moz:windowless: false, pageLoadStrategy: normal, platformName: MAC, proxy: Proxy(), setWindowRect: true, strictFileInteractability: false, timeouts: {implicit: 0, pageLoad: 300000, script: 30000}, unhandledPromptBehavior: dismiss and notify, userAgent: Mozilla/5.0 (Macintosh; Int...}
Session ID: c88a20f3-697c-4f2d-abbd-0381cd2887df
2024-11-14 12:29:04,427 INFO [Test worker] m.WDListener [WDListener.java:35] - [Ljava.lang.StackTraceElement;@69391e08
2024-11-14 12:29:04,652 INFO [Test worker] m.WDListener [WDListener.java:40] - Here is the path to screenshot with error ---> src/test/screens/screenshot-2724.png
2024-11-14 12:29:04,652 INFO [Test worker] m.NGListener [NGListener.java:28] - Test failed ---> org.openqa.selenium.NoSuchElementException: Unable to locate element: //*[.='LOGIN']
For documentation on this error, please visit: https://selenium.dev/exceptions/#no_such_element
Build info: version: '4.8.0', revision: '267030adea'
System info: os.name: 'Mac OS X', os.arch: 'aarch64', os.version: '14.6.1', java.version: '23.0.1'
Driver info: org.openqa.selenium.firefox.FirefoxDriver
Command: [c88a20f3-697c-4f2d-abbd-0381cd2887df, findElement {using=xpath, value=//*[.='LOGIN']}]
Capabilities {acceptInsecureCerts: true, browserName: firefox, browserVersion: 132.0.1, moz:accessibilityChecks: false, moz:buildID: 20241103194048, moz:geckodriverVersion: 0.35.0, moz:headless: false, moz:platformVersion: 23.6.0, moz:processID: 3372, moz:profile: /var/folders/pz/m8h_44jj1k9..., moz:shutdownTimeout: 60000, moz:webdriverClick: true, moz:windowless: false, pageLoadStrategy: normal, platformName: MAC, proxy: Proxy(), setWindowRect: true, strictFileInteractability: false, timeouts: {implicit: 0, pageLoad: 300000, script: 30000}, unhandledPromptBehavior: dismiss and notify, userAgent: Mozilla/5.0 (Macintosh; Int...}
Session ID: c88a20f3-697c-4f2d-abbd-0381cd2887df
2024-11-14 12:29:04,653 INFO [Test worker] t.TestBase [TestBase.java:30] - Finished test <--- loginPositiveTest
2024-11-14 12:29:04,654 INFO [Test worker] t.TestBase [TestBase.java:31] - ========================================
2024-11-14 12:29:04,654 INFO [Test worker] t.TestBase [TestBase.java:25] - Starting test ---> registrationPositiveTest
2024-11-14 12:29:04,654 INFO [Test worker] m.NGListener [NGListener.java:16] - Start test ---> registrationPositiveTest
2024-11-14 12:29:04,654 INFO [Test worker] m.WDListener [WDListener.java:21] - Start looking for element by locator ---> By.xpath: //*[.='LOGIN']
2024-11-14 12:29:07,668 INFO [Test worker] m.WDListener [WDListener.java:33] - Something went wrong!!!
2024-11-14 12:29:07,668 INFO [Test worker] m.WDListener [WDListener.java:34] - Unable to locate element: //*[.='LOGIN']
For documentation on this error, please visit: https://selenium.dev/exceptions/#no_such_element
Build info: version: '4.8.0', revision: '267030adea'
System info: os.name: 'Mac OS X', os.arch: 'aarch64', os.version: '14.6.1', java.version: '23.0.1'
Driver info: org.openqa.selenium.firefox.FirefoxDriver
Command: [c88a20f3-697c-4f2d-abbd-0381cd2887df, findElement {using=xpath, value=//*[.='LOGIN']}]
Capabilities {acceptInsecureCerts: true, browserName: firefox, browserVersion: 132.0.1, moz:accessibilityChecks: false, moz:buildID: 20241103194048, moz:geckodriverVersion: 0.35.0, moz:headless: false, moz:platformVersion: 23.6.0, moz:processID: 3372, moz:profile: /var/folders/pz/m8h_44jj1k9..., moz:shutdownTimeout: 60000, moz:webdriverClick: true, moz:windowless: false, pageLoadStrategy: normal, platformName: MAC, proxy: Proxy(), setWindowRect: true, strictFileInteractability: false, timeouts: {implicit: 0, pageLoad: 300000, script: 30000}, unhandledPromptBehavior: dismiss and notify, userAgent: Mozilla/5.0 (Macintosh; Int...}
Session ID: c88a20f3-697c-4f2d-abbd-0381cd2887df
2024-11-14 12:29:07,668 INFO [Test worker] m.WDListener [WDListener.java:35] - [Ljava.lang.StackTraceElement;@22e5f96e
2024-11-14 12:29:07,876 INFO [Test worker] m.WDListener [WDListener.java:40] - Here is the path to screenshot with error ---> src/test/screens/screenshot-2727.png
2024-11-14 12:29:07,876 INFO [Test worker] m.NGListener [NGListener.java:28] - Test failed ---> org.openqa.selenium.NoSuchElementException: Unable to locate element: //*[.='LOGIN']
For documentation on this error, please visit: https://selenium.dev/exceptions/#no_such_element
Build info: version: '4.8.0', revision: '267030adea'
System info: os.name: 'Mac OS X', os.arch: 'aarch64', os.version: '14.6.1', java.version: '23.0.1'
Driver info: org.openqa.selenium.firefox.FirefoxDriver
Command: [c88a20f3-697c-4f2d-abbd-0381cd2887df, findElement {using=xpath, value=//*[.='LOGIN']}]
Capabilities {acceptInsecureCerts: true, browserName: firefox, browserVersion: 132.0.1, moz:accessibilityChecks: false, moz:buildID: 20241103194048, moz:geckodriverVersion: 0.35.0, moz:headless: false, moz:platformVersion: 23.6.0, moz:processID: 3372, moz:profile: /var/folders/pz/m8h_44jj1k9..., moz:shutdownTimeout: 60000, moz:webdriverClick: true, moz:windowless: false, pageLoadStrategy: normal, platformName: MAC, proxy: Proxy(), setWindowRect: true, strictFileInteractability: false, timeouts: {implicit: 0, pageLoad: 300000, script: 30000}, unhandledPromptBehavior: dismiss and notify, userAgent: Mozilla/5.0 (Macintosh; Int...}
Session ID: c88a20f3-697c-4f2d-abbd-0381cd2887df
2024-11-14 12:29:07,879 INFO [Test worker] t.TestBase [TestBase.java:30] - Finished test <--- registrationPositiveTest
2024-11-14 12:29:07,880 INFO [Test worker] t.TestBase [TestBase.java:31] - ========================================
2024-11-14 12:29:08,328 INFO [Test worker] m.ApplicationManager [ApplicationManager.java:49] - Test completed
