2024-11-14 12:17:01,401 INFO [Test worker] m.ApplicationManager [ApplicationManager.java:32] - Test started on Firefox browser
2024-11-14 12:17:01,888 INFO [Test worker] m.ApplicationManager [ApplicationManager.java:38] - Navigating to --->https://telranedu.web.app/home
2024-11-14 12:17:01,899 INFO [Test worker] t.TestBase [TestBase.java:24] - Starting test ---> addNewContactPositiveTest
2024-11-14 12:17:01,901 INFO [Test worker] m.WDListener [WDListener.java:21] - Start looking for element by locator ---> By.xpath: //*[.='Sing Out']
2024-11-14 12:17:04,923 INFO [Test worker] m.WDListener [WDListener.java:27] - Element with locator ---> By.xpath: //*[.='Sing Out'] is found
2024-11-14 12:17:04,924 INFO [Test worker] m.WDListener [WDListener.java:21] - Start looking for element by locator ---> By.xpath: //*[.='LOGIN']
2024-11-14 12:17:04,934 INFO [Test worker] m.WDListener [WDListener.java:27] - Element with locator ---> By.xpath: //*[.='LOGIN'] is found
2024-11-14 12:17:05,179 INFO [Test worker] m.WDListener [WDListener.java:21] - Start looking for element by locator ---> By.xpath: //input[1]
2024-11-14 12:17:05,186 INFO [Test worker] m.WDListener [WDListener.java:27] - Element with locator ---> By.xpath: //input[1] is found
2024-11-14 12:17:05,463 INFO [Test worker] m.WDListener [WDListener.java:21] - Start looking for element by locator ---> By.xpath: //input[2]
2024-11-14 12:17:05,466 INFO [Test worker] m.WDListener [WDListener.java:27] - Element with locator ---> By.xpath: //input[2] is found
2024-11-14 12:17:05,703 INFO [Test worker] m.WDListener [WDListener.java:21] - Start looking for element by locator ---> By.xpath: //button[1]
2024-11-14 12:17:05,708 INFO [Test worker] m.WDListener [WDListener.java:27] - Element with locator ---> By.xpath: //button[1] is found
2024-11-14 12:17:05,922 INFO [Test worker] m.NGListener [NGListener.java:16] - Start test ---> addNewContactPositiveTest
2024-11-14 12:17:05,924 INFO [Test worker] m.WDListener [WDListener.java:21] - Start looking for element by locator ---> By.xpath: //a[.='ADD']
2024-11-14 12:17:06,862 INFO [Test worker] m.WDListener [WDListener.java:27] - Element with locator ---> By.xpath: //a[.='ADD'] is found
2024-11-14 12:17:07,082 INFO [Test worker] m.WDListener [WDListener.java:21] - Start looking for element by locator ---> By.cssSelector: [placeholder='Name']
2024-11-14 12:17:07,088 INFO [Test worker] m.WDListener [WDListener.java:27] - Element with locator ---> By.cssSelector: [placeholder='Name'] is found
2024-11-14 12:17:07,331 INFO [Test worker] m.WDListener [WDListener.java:21] - Start looking for element by locator ---> By.cssSelector: [placeholder='Last Name']
2024-11-14 12:17:07,336 INFO [Test worker] m.WDListener [WDListener.java:27] - Element with locator ---> By.cssSelector: [placeholder='Last Name'] is found
2024-11-14 12:17:07,572 INFO [Test worker] m.WDListener [WDListener.java:21] - Start looking for element by locator ---> By.cssSelector: [placeholder='Phone']
2024-11-14 12:17:07,577 INFO [Test worker] m.WDListener [WDListener.java:27] - Element with locator ---> By.cssSelector: [placeholder='Phone'] is found
2024-11-14 12:17:07,821 INFO [Test worker] m.WDListener [WDListener.java:21] - Start looking for element by locator ---> By.cssSelector: [placeholder='email']
2024-11-14 12:17:07,826 INFO [Test worker] m.WDListener [WDListener.java:27] - Element with locator ---> By.cssSelector: [placeholder='email'] is found
2024-11-14 12:17:08,069 INFO [Test worker] m.WDListener [WDListener.java:21] - Start looking for element by locator ---> By.cssSelector: [placeholder='Address']
2024-11-14 12:17:08,073 INFO [Test worker] m.WDListener [WDListener.java:27] - Element with locator ---> By.cssSelector: [placeholder='Address'] is found
2024-11-14 12:17:08,314 INFO [Test worker] m.WDListener [WDListener.java:21] - Start looking for element by locator ---> By.cssSelector: [placeholder='description']
2024-11-14 12:17:08,318 INFO [Test worker] m.WDListener [WDListener.java:27] - Element with locator ---> By.cssSelector: [placeholder='description'] is found
2024-11-14 12:17:08,553 INFO [Test worker] m.WDListener [WDListener.java:21] - Start looking for element by locator ---> By.xpath: //button[.='Save']
2024-11-14 12:17:08,558 INFO [Test worker] m.WDListener [WDListener.java:27] - Element with locator ---> By.xpath: //button[.='Save'] is found
2024-11-14 12:17:08,770 INFO [Test worker] m.WDListener [WDListener.java:21] - Start looking for element by locator ---> By.xpath: //div[@class='contact-item_card__2SOIM'][last()]//h3
2024-11-14 12:17:09,139 INFO [Test worker] m.WDListener [WDListener.java:27] - Element with locator ---> By.xpath: //div[@class='contact-item_card__2SOIM'][last()]//h3 is found
2024-11-14 12:17:09,149 INFO [Test worker] m.NGListener [NGListener.java:22] - Test passed ---> addNewContactPositiveTest
2024-11-14 12:17:09,150 INFO [Test worker] t.TestBase [TestBase.java:29] - Finished test <--- addNewContactPositiveTest
2024-11-14 12:17:09,150 INFO [Test worker] t.TestBase [TestBase.java:30] - ========================================
2024-11-14 12:17:09,151 INFO [Test worker] t.TestBase [TestBase.java:24] - Starting test ---> loginPositiveTest
2024-11-14 12:17:09,151 INFO [Test worker] m.NGListener [NGListener.java:16] - Start test ---> loginPositiveTest
2024-11-14 12:17:09,152 INFO [Test worker] m.WDListener [WDListener.java:21] - Start looking for element by locator ---> By.xpath: //*[.='LOGIN']
2024-11-14 12:17:12,166 INFO [Test worker] m.WDListener [WDListener.java:33] - Something went wrong!!!
2024-11-14 12:17:12,168 INFO [Test worker] m.WDListener [WDListener.java:34] - Unable to locate element: //*[.='LOGIN']
For documentation on this error, please visit: https://selenium.dev/exceptions/#no_such_element
Build info: version: '4.8.0', revision: '267030adea'
System info: os.name: 'Mac OS X', os.arch: 'aarch64', os.version: '14.6.1', java.version: '23.0.1'
Driver info: org.openqa.selenium.firefox.FirefoxDriver
Command: [57d1f7d5-071d-4b82-90e3-e51bf0ae9f91, findElement {using=xpath, value=//*[.='LOGIN']}]
Capabilities {acceptInsecureCerts: true, browserName: firefox, browserVersion: 132.0.1, moz:accessibilityChecks: false, moz:buildID: 20241103194048, moz:geckodriverVersion: 0.35.0, moz:headless: false, moz:platformVersion: 23.6.0, moz:processID: 3198, moz:profile: /var/folders/pz/m8h_44jj1k9..., moz:shutdownTimeout: 60000, moz:webdriverClick: true, moz:windowless: false, pageLoadStrategy: normal, platformName: MAC, proxy: Proxy(), setWindowRect: true, strictFileInteractability: false, timeouts: {implicit: 0, pageLoad: 300000, script: 30000}, unhandledPromptBehavior: dismiss and notify, userAgent: Mozilla/5.0 (Macintosh; Int...}
Session ID: 57d1f7d5-071d-4b82-90e3-e51bf0ae9f91
2024-11-14 12:17:12,168 INFO [Test worker] m.WDListener [WDListener.java:35] - [Ljava.lang.StackTraceElement;@69391e08
2024-11-14 12:17:12,393 INFO [Test worker] m.WDListener [WDListener.java:40] - Here is the path to screenshot with error ---> src/test/screens/screenshot-2011.png
2024-11-14 12:17:12,393 INFO [Test worker] m.NGListener [NGListener.java:28] - Test failed ---> org.openqa.selenium.NoSuchElementException: Unable to locate element: //*[.='LOGIN']
For documentation on this error, please visit: https://selenium.dev/exceptions/#no_such_element
Build info: version: '4.8.0', revision: '267030adea'
System info: os.name: 'Mac OS X', os.arch: 'aarch64', os.version: '14.6.1', java.version: '23.0.1'
Driver info: org.openqa.selenium.firefox.FirefoxDriver
Command: [57d1f7d5-071d-4b82-90e3-e51bf0ae9f91, findElement {using=xpath, value=//*[.='LOGIN']}]
Capabilities {acceptInsecureCerts: true, browserName: firefox, browserVersion: 132.0.1, moz:accessibilityChecks: false, moz:buildID: 20241103194048, moz:geckodriverVersion: 0.35.0, moz:headless: false, moz:platformVersion: 23.6.0, moz:processID: 3198, moz:profile: /var/folders/pz/m8h_44jj1k9..., moz:shutdownTimeout: 60000, moz:webdriverClick: true, moz:windowless: false, pageLoadStrategy: normal, platformName: MAC, proxy: Proxy(), setWindowRect: true, strictFileInteractability: false, timeouts: {implicit: 0, pageLoad: 300000, script: 30000}, unhandledPromptBehavior: dismiss and notify, userAgent: Mozilla/5.0 (Macintosh; Int...}
Session ID: 57d1f7d5-071d-4b82-90e3-e51bf0ae9f91
2024-11-14 12:17:12,395 INFO [Test worker] t.TestBase [TestBase.java:29] - Finished test <--- loginPositiveTest
2024-11-14 12:17:12,395 INFO [Test worker] t.TestBase [TestBase.java:30] - ========================================
2024-11-14 12:17:12,395 INFO [Test worker] t.TestBase [TestBase.java:24] - Starting test ---> registrationPositiveTest
2024-11-14 12:17:12,395 INFO [Test worker] m.NGListener [NGListener.java:16] - Start test ---> registrationPositiveTest
2024-11-14 12:17:12,395 INFO [Test worker] m.WDListener [WDListener.java:21] - Start looking for element by locator ---> By.xpath: //*[.='LOGIN']
2024-11-14 12:17:15,405 INFO [Test worker] m.WDListener [WDListener.java:33] - Something went wrong!!!
2024-11-14 12:17:15,405 INFO [Test worker] m.WDListener [WDListener.java:34] - Unable to locate element: //*[.='LOGIN']
For documentation on this error, please visit: https://selenium.dev/exceptions/#no_such_element
Build info: version: '4.8.0', revision: '267030adea'
System info: os.name: 'Mac OS X', os.arch: 'aarch64', os.version: '14.6.1', java.version: '23.0.1'
Driver info: org.openqa.selenium.firefox.FirefoxDriver
Command: [57d1f7d5-071d-4b82-90e3-e51bf0ae9f91, findElement {using=xpath, value=//*[.='LOGIN']}]
Capabilities {acceptInsecureCerts: true, browserName: firefox, browserVersion: 132.0.1, moz:accessibilityChecks: false, moz:buildID: 20241103194048, moz:geckodriverVersion: 0.35.0, moz:headless: false, moz:platformVersion: 23.6.0, moz:processID: 3198, moz:profile: /var/folders/pz/m8h_44jj1k9..., moz:shutdownTimeout: 60000, moz:webdriverClick: true, moz:windowless: false, pageLoadStrategy: normal, platformName: MAC, proxy: Proxy(), setWindowRect: true, strictFileInteractability: false, timeouts: {implicit: 0, pageLoad: 300000, script: 30000}, unhandledPromptBehavior: dismiss and notify, userAgent: Mozilla/5.0 (Macintosh; Int...}
Session ID: 57d1f7d5-071d-4b82-90e3-e51bf0ae9f91
2024-11-14 12:17:15,405 INFO [Test worker] m.WDListener [WDListener.java:35] - [Ljava.lang.StackTraceElement;@22e5f96e
2024-11-14 12:17:15,598 INFO [Test worker] m.WDListener [WDListener.java:40] - Here is the path to screenshot with error ---> src/test/screens/screenshot-2015.png
2024-11-14 12:17:15,598 INFO [Test worker] m.NGListener [NGListener.java:28] - Test failed ---> org.openqa.selenium.NoSuchElementException: Unable to locate element: //*[.='LOGIN']
For documentation on this error, please visit: https://selenium.dev/exceptions/#no_such_element
Build info: version: '4.8.0', revision: '267030adea'
System info: os.name: 'Mac OS X', os.arch: 'aarch64', os.version: '14.6.1', java.version: '23.0.1'
Driver info: org.openqa.selenium.firefox.FirefoxDriver
Command: [57d1f7d5-071d-4b82-90e3-e51bf0ae9f91, findElement {using=xpath, value=//*[.='LOGIN']}]
Capabilities {acceptInsecureCerts: true, browserName: firefox, browserVersion: 132.0.1, moz:accessibilityChecks: false, moz:buildID: 20241103194048, moz:geckodriverVersion: 0.35.0, moz:headless: false, moz:platformVersion: 23.6.0, moz:processID: 3198, moz:profile: /var/folders/pz/m8h_44jj1k9..., moz:shutdownTimeout: 60000, moz:webdriverClick: true, moz:windowless: false, pageLoadStrategy: normal, platformName: MAC, proxy: Proxy(), setWindowRect: true, strictFileInteractability: false, timeouts: {implicit: 0, pageLoad: 300000, script: 30000}, unhandledPromptBehavior: dismiss and notify, userAgent: Mozilla/5.0 (Macintosh; Int...}
Session ID: 57d1f7d5-071d-4b82-90e3-e51bf0ae9f91
2024-11-14 12:17:15,599 INFO [Test worker] t.TestBase [TestBase.java:29] - Finished test <--- registrationPositiveTest
2024-11-14 12:17:15,599 INFO [Test worker] t.TestBase [TestBase.java:30] - ========================================
2024-11-14 12:17:16,044 INFO [Test worker] m.ApplicationManager [ApplicationManager.java:49] - Test completed
