2024-11-14 12:42:32,163 INFO [Test worker] m.ApplicationManager [ApplicationManager.java:34] - Test started on Firefox browser
2024-11-14 12:42:32,602 INFO [Test worker] m.ApplicationManager [ApplicationManager.java:40] - Navigating to --->https://telranedu.web.app/home
2024-11-14 12:42:32,615 INFO [Test worker] t.TestBase [TestBase.java:25] - Starting test ---> addNewContactPositiveTest
2024-11-14 12:42:32,617 INFO [Test worker] m.WDListener [WDListener.java:21] - Start looking for element by locator ---> By.xpath: //*[.='Sing Out']
2024-11-14 12:42:35,649 INFO [Test worker] m.WDListener [WDListener.java:27] - Element with locator ---> By.xpath: //*[.='Sing Out'] is found
2024-11-14 12:42:35,650 INFO [Test worker] m.WDListener [WDListener.java:21] - Start looking for element by locator ---> By.xpath: //*[.='LOGIN']
2024-11-14 12:42:35,658 INFO [Test worker] m.WDListener [WDListener.java:27] - Element with locator ---> By.xpath: //*[.='LOGIN'] is found
2024-11-14 12:42:35,897 INFO [Test worker] m.WDListener [WDListener.java:21] - Start looking for element by locator ---> By.xpath: //input[1]
2024-11-14 12:42:35,904 INFO [Test worker] m.WDListener [WDListener.java:27] - Element with locator ---> By.xpath: //input[1] is found
2024-11-14 12:42:36,180 INFO [Test worker] m.WDListener [WDListener.java:21] - Start looking for element by locator ---> By.xpath: //input[2]
2024-11-14 12:42:36,183 INFO [Test worker] m.WDListener [WDListener.java:27] - Element with locator ---> By.xpath: //input[2] is found
2024-11-14 12:42:36,419 INFO [Test worker] m.WDListener [WDListener.java:21] - Start looking for element by locator ---> By.xpath: //button[1]
2024-11-14 12:42:36,423 INFO [Test worker] m.WDListener [WDListener.java:27] - Element with locator ---> By.xpath: //button[1] is found
2024-11-14 12:42:36,638 INFO [Test worker] m.NGListener [NGListener.java:16] - Start test ---> addNewContactPositiveTest
2024-11-14 12:42:36,641 INFO [Test worker] m.WDListener [WDListener.java:21] - Start looking for element by locator ---> By.xpath: //a[.='ADD']
2024-11-14 12:42:37,471 INFO [Test worker] m.WDListener [WDListener.java:27] - Element with locator ---> By.xpath: //a[.='ADD'] is found
2024-11-14 12:42:37,690 INFO [Test worker] m.WDListener [WDListener.java:21] - Start looking for element by locator ---> By.cssSelector: [placeholder='Name']
2024-11-14 12:42:37,697 INFO [Test worker] m.WDListener [WDListener.java:27] - Element with locator ---> By.cssSelector: [placeholder='Name'] is found
2024-11-14 12:42:37,944 INFO [Test worker] m.WDListener [WDListener.java:21] - Start looking for element by locator ---> By.cssSelector: [placeholder='Last Name']
2024-11-14 12:42:37,948 INFO [Test worker] m.WDListener [WDListener.java:27] - Element with locator ---> By.cssSelector: [placeholder='Last Name'] is found
2024-11-14 12:42:38,187 INFO [Test worker] m.WDListener [WDListener.java:21] - Start looking for element by locator ---> By.cssSelector: [placeholder='Phone']
2024-11-14 12:42:38,191 INFO [Test worker] m.WDListener [WDListener.java:27] - Element with locator ---> By.cssSelector: [placeholder='Phone'] is found
2024-11-14 12:42:38,430 INFO [Test worker] m.WDListener [WDListener.java:21] - Start looking for element by locator ---> By.cssSelector: [placeholder='email']
2024-11-14 12:42:38,434 INFO [Test worker] m.WDListener [WDListener.java:27] - Element with locator ---> By.cssSelector: [placeholder='email'] is found
2024-11-14 12:42:38,677 INFO [Test worker] m.WDListener [WDListener.java:21] - Start looking for element by locator ---> By.cssSelector: [placeholder='Address']
2024-11-14 12:42:38,681 INFO [Test worker] m.WDListener [WDListener.java:27] - Element with locator ---> By.cssSelector: [placeholder='Address'] is found
2024-11-14 12:42:38,918 INFO [Test worker] m.WDListener [WDListener.java:21] - Start looking for element by locator ---> By.cssSelector: [placeholder='description']
2024-11-14 12:42:38,922 INFO [Test worker] m.WDListener [WDListener.java:27] - Element with locator ---> By.cssSelector: [placeholder='description'] is found
2024-11-14 12:42:39,159 INFO [Test worker] m.WDListener [WDListener.java:21] - Start looking for element by locator ---> By.xpath: //button[.='Save']
2024-11-14 12:42:39,164 INFO [Test worker] m.WDListener [WDListener.java:27] - Element with locator ---> By.xpath: //button[.='Save'] is found
2024-11-14 12:42:39,382 INFO [Test worker] m.WDListener [WDListener.java:21] - Start looking for element by locator ---> By.xpath: //div[@class='contact-item_card__2SOIM'][last()]//h3
2024-11-14 12:42:39,716 INFO [Test worker] m.WDListener [WDListener.java:27] - Element with locator ---> By.xpath: //div[@class='contact-item_card__2SOIM'][last()]//h3 is found
2024-11-14 12:42:39,723 INFO [Test worker] m.NGListener [NGListener.java:22] - Test passed ---> addNewContactPositiveTest
2024-11-14 12:42:39,724 INFO [Test worker] m.WDListener [WDListener.java:21] - Start looking for element by locator ---> By.xpath: //*[.='Sing Out']
2024-11-14 12:42:42,748 INFO [Test worker] m.WDListener [WDListener.java:33] - Something went wrong!!!
2024-11-14 12:42:42,749 INFO [Test worker] m.WDListener [WDListener.java:34] - Unable to locate element: //*[.='Sing Out']
For documentation on this error, please visit: https://selenium.dev/exceptions/#no_such_element
Build info: version: '4.8.0', revision: '267030adea'
System info: os.name: 'Mac OS X', os.arch: 'aarch64', os.version: '14.6.1', java.version: '23.0.1'
Driver info: org.openqa.selenium.firefox.FirefoxDriver
Command: [8900cd57-d398-4952-9b93-f87ee5329898, findElement {using=xpath, value=//*[.='Sing Out']}]
Capabilities {acceptInsecureCerts: true, browserName: firefox, browserVersion: 132.0.1, moz:accessibilityChecks: false, moz:buildID: 20241103194048, moz:geckodriverVersion: 0.35.0, moz:headless: false, moz:platformVersion: 23.6.0, moz:processID: 3578, moz:profile: /var/folders/pz/m8h_44jj1k9..., moz:shutdownTimeout: 60000, moz:webdriverClick: true, moz:windowless: false, pageLoadStrategy: normal, platformName: MAC, proxy: Proxy(), setWindowRect: true, strictFileInteractability: false, timeouts: {implicit: 0, pageLoad: 300000, script: 30000}, unhandledPromptBehavior: dismiss and notify, userAgent: Mozilla/5.0 (Macintosh; Int...}
Session ID: 8900cd57-d398-4952-9b93-f87ee5329898
2024-11-14 12:42:42,749 INFO [Test worker] m.WDListener [WDListener.java:35] - [Ljava.lang.StackTraceElement;@73010765
2024-11-14 12:42:42,975 INFO [Test worker] m.WDListener [WDListener.java:40] - Here is the path to screenshot with error ---> src/test/screens/screenshot-3542.png
2024-11-14 12:42:42,976 INFO [Test worker] t.TestBase [TestBase.java:30] - Finished test <--- addNewContactPositiveTest
2024-11-14 12:42:42,977 INFO [Test worker] t.TestBase [TestBase.java:31] - ========================================
2024-11-14 12:42:42,977 INFO [Test worker] t.TestBase [TestBase.java:25] - Starting test ---> loginPositiveTest
2024-11-14 12:42:42,978 INFO [Test worker] m.NGListener [NGListener.java:16] - Start test ---> loginPositiveTest
2024-11-14 12:42:42,978 INFO [Test worker] m.WDListener [WDListener.java:21] - Start looking for element by locator ---> By.xpath: //*[.='LOGIN']
2024-11-14 12:42:45,989 INFO [Test worker] m.WDListener [WDListener.java:33] - Something went wrong!!!
2024-11-14 12:42:45,991 INFO [Test worker] m.WDListener [WDListener.java:34] - Unable to locate element: //*[.='LOGIN']
For documentation on this error, please visit: https://selenium.dev/exceptions/#no_such_element
Build info: version: '4.8.0', revision: '267030adea'
System info: os.name: 'Mac OS X', os.arch: 'aarch64', os.version: '14.6.1', java.version: '23.0.1'
Driver info: org.openqa.selenium.firefox.FirefoxDriver
Command: [8900cd57-d398-4952-9b93-f87ee5329898, findElement {using=xpath, value=//*[.='LOGIN']}]
Capabilities {acceptInsecureCerts: true, browserName: firefox, browserVersion: 132.0.1, moz:accessibilityChecks: false, moz:buildID: 20241103194048, moz:geckodriverVersion: 0.35.0, moz:headless: false, moz:platformVersion: 23.6.0, moz:processID: 3578, moz:profile: /var/folders/pz/m8h_44jj1k9..., moz:shutdownTimeout: 60000, moz:webdriverClick: true, moz:windowless: false, pageLoadStrategy: normal, platformName: MAC, proxy: Proxy(), setWindowRect: true, strictFileInteractability: false, timeouts: {implicit: 0, pageLoad: 300000, script: 30000}, unhandledPromptBehavior: dismiss and notify, userAgent: Mozilla/5.0 (Macintosh; Int...}
Session ID: 8900cd57-d398-4952-9b93-f87ee5329898
2024-11-14 12:42:45,991 INFO [Test worker] m.WDListener [WDListener.java:35] - [Ljava.lang.StackTraceElement;@534c6767
2024-11-14 12:42:46,198 INFO [Test worker] m.WDListener [WDListener.java:40] - Here is the path to screenshot with error ---> src/test/screens/screenshot-3545.png
2024-11-14 12:42:46,198 INFO [Test worker] m.NGListener [NGListener.java:28] - Test failed ---> org.openqa.selenium.NoSuchElementException: Unable to locate element: //*[.='LOGIN']
For documentation on this error, please visit: https://selenium.dev/exceptions/#no_such_element
Build info: version: '4.8.0', revision: '267030adea'
System info: os.name: 'Mac OS X', os.arch: 'aarch64', os.version: '14.6.1', java.version: '23.0.1'
Driver info: org.openqa.selenium.firefox.FirefoxDriver
Command: [8900cd57-d398-4952-9b93-f87ee5329898, findElement {using=xpath, value=//*[.='LOGIN']}]
Capabilities {acceptInsecureCerts: true, browserName: firefox, browserVersion: 132.0.1, moz:accessibilityChecks: false, moz:buildID: 20241103194048, moz:geckodriverVersion: 0.35.0, moz:headless: false, moz:platformVersion: 23.6.0, moz:processID: 3578, moz:profile: /var/folders/pz/m8h_44jj1k9..., moz:shutdownTimeout: 60000, moz:webdriverClick: true, moz:windowless: false, pageLoadStrategy: normal, platformName: MAC, proxy: Proxy(), setWindowRect: true, strictFileInteractability: false, timeouts: {implicit: 0, pageLoad: 300000, script: 30000}, unhandledPromptBehavior: dismiss and notify, userAgent: Mozilla/5.0 (Macintosh; Int...}
Session ID: 8900cd57-d398-4952-9b93-f87ee5329898
2024-11-14 12:42:46,199 INFO [Test worker] t.TestBase [TestBase.java:30] - Finished test <--- loginPositiveTest
2024-11-14 12:42:46,199 INFO [Test worker] t.TestBase [TestBase.java:31] - ========================================
2024-11-14 12:42:46,199 INFO [Test worker] t.TestBase [TestBase.java:25] - Starting test ---> registrationPositiveTest
2024-11-14 12:42:46,199 INFO [Test worker] m.NGListener [NGListener.java:16] - Start test ---> registrationPositiveTest
2024-11-14 12:42:46,200 INFO [Test worker] m.WDListener [WDListener.java:21] - Start looking for element by locator ---> By.xpath: //*[.='LOGIN']
2024-11-14 12:42:49,214 INFO [Test worker] m.WDListener [WDListener.java:33] - Something went wrong!!!
2024-11-14 12:42:49,214 INFO [Test worker] m.WDListener [WDListener.java:34] - Unable to locate element: //*[.='LOGIN']
For documentation on this error, please visit: https://selenium.dev/exceptions/#no_such_element
Build info: version: '4.8.0', revision: '267030adea'
System info: os.name: 'Mac OS X', os.arch: 'aarch64', os.version: '14.6.1', java.version: '23.0.1'
Driver info: org.openqa.selenium.firefox.FirefoxDriver
Command: [8900cd57-d398-4952-9b93-f87ee5329898, findElement {using=xpath, value=//*[.='LOGIN']}]
Capabilities {acceptInsecureCerts: true, browserName: firefox, browserVersion: 132.0.1, moz:accessibilityChecks: false, moz:buildID: 20241103194048, moz:geckodriverVersion: 0.35.0, moz:headless: false, moz:platformVersion: 23.6.0, moz:processID: 3578, moz:profile: /var/folders/pz/m8h_44jj1k9..., moz:shutdownTimeout: 60000, moz:webdriverClick: true, moz:windowless: false, pageLoadStrategy: normal, platformName: MAC, proxy: Proxy(), setWindowRect: true, strictFileInteractability: false, timeouts: {implicit: 0, pageLoad: 300000, script: 30000}, unhandledPromptBehavior: dismiss and notify, userAgent: Mozilla/5.0 (Macintosh; Int...}
Session ID: 8900cd57-d398-4952-9b93-f87ee5329898
2024-11-14 12:42:49,215 INFO [Test worker] m.WDListener [WDListener.java:35] - [Ljava.lang.StackTraceElement;@2dd2e270
2024-11-14 12:42:49,421 INFO [Test worker] m.WDListener [WDListener.java:40] - Here is the path to screenshot with error ---> src/test/screens/screenshot-3548.png
2024-11-14 12:42:49,422 INFO [Test worker] m.NGListener [NGListener.java:28] - Test failed ---> org.openqa.selenium.NoSuchElementException: Unable to locate element: //*[.='LOGIN']
For documentation on this error, please visit: https://selenium.dev/exceptions/#no_such_element
Build info: version: '4.8.0', revision: '267030adea'
System info: os.name: 'Mac OS X', os.arch: 'aarch64', os.version: '14.6.1', java.version: '23.0.1'
Driver info: org.openqa.selenium.firefox.FirefoxDriver
Command: [8900cd57-d398-4952-9b93-f87ee5329898, findElement {using=xpath, value=//*[.='LOGIN']}]
Capabilities {acceptInsecureCerts: true, browserName: firefox, browserVersion: 132.0.1, moz:accessibilityChecks: false, moz:buildID: 20241103194048, moz:geckodriverVersion: 0.35.0, moz:headless: false, moz:platformVersion: 23.6.0, moz:processID: 3578, moz:profile: /var/folders/pz/m8h_44jj1k9..., moz:shutdownTimeout: 60000, moz:webdriverClick: true, moz:windowless: false, pageLoadStrategy: normal, platformName: MAC, proxy: Proxy(), setWindowRect: true, strictFileInteractability: false, timeouts: {implicit: 0, pageLoad: 300000, script: 30000}, unhandledPromptBehavior: dismiss and notify, userAgent: Mozilla/5.0 (Macintosh; Int...}
Session ID: 8900cd57-d398-4952-9b93-f87ee5329898
2024-11-14 12:42:49,422 INFO [Test worker] t.TestBase [TestBase.java:30] - Finished test <--- registrationPositiveTest
2024-11-14 12:42:49,422 INFO [Test worker] t.TestBase [TestBase.java:31] - ========================================
2024-11-14 12:42:49,861 INFO [Test worker] m.ApplicationManager [ApplicationManager.java:51] - Test completed
