2024-11-14 11:49:18,952 INFO [Test worker] m.ApplicationManager [ApplicationManager.java:32] - Test started on Firefox browser
2024-11-14 11:49:19,406 INFO [Test worker] m.ApplicationManager [ApplicationManager.java:38] - Navigating to --->https://telranedu.web.app/home
2024-11-14 11:49:19,420 INFO [Test worker] t.TestBase [TestBase.java:24] - Starting test ---> addNewContactPositiveTest
2024-11-14 11:49:19,422 INFO [Test worker] m.WDListener [WDListener.java:21] - Start looking for element by locator ---> By.xpath: //*[.='Sing Out']
2024-11-14 11:49:22,438 INFO [Test worker] m.WDListener [WDListener.java:27] - Element with locator ---> By.xpath: //*[.='Sing Out'] is found
2024-11-14 11:49:22,439 INFO [Test worker] m.WDListener [WDListener.java:21] - Start looking for element by locator ---> By.xpath: //*[.='LOGIN']
2024-11-14 11:49:22,445 INFO [Test worker] m.WDListener [WDListener.java:27] - Element with locator ---> By.xpath: //*[.='LOGIN'] is found
2024-11-14 11:49:22,688 INFO [Test worker] m.WDListener [WDListener.java:21] - Start looking for element by locator ---> By.xpath: //input[1]
2024-11-14 11:49:22,693 INFO [Test worker] m.WDListener [WDListener.java:27] - Element with locator ---> By.xpath: //input[1] is found
2024-11-14 11:49:22,953 INFO [Test worker] m.WDListener [WDListener.java:21] - Start looking for element by locator ---> By.xpath: //input[2]
2024-11-14 11:49:22,957 INFO [Test worker] m.WDListener [WDListener.java:27] - Element with locator ---> By.xpath: //input[2] is found
2024-11-14 11:49:23,187 INFO [Test worker] m.WDListener [WDListener.java:21] - Start looking for element by locator ---> By.xpath: //button[1]
2024-11-14 11:49:23,190 INFO [Test worker] m.WDListener [WDListener.java:27] - Element with locator ---> By.xpath: //button[1] is found
2024-11-14 11:49:23,405 INFO [Test worker] m.NGListener [NGListener.java:16] - Start test ---> addNewContactPositiveTest
2024-11-14 11:49:23,407 INFO [Test worker] m.WDListener [WDListener.java:21] - Start looking for element by locator ---> By.xpath: //a[.='ADD']
2024-11-14 11:49:24,107 INFO [Test worker] m.WDListener [WDListener.java:27] - Element with locator ---> By.xpath: //a[.='ADD'] is found
2024-11-14 11:49:24,325 INFO [Test worker] m.WDListener [WDListener.java:21] - Start looking for element by locator ---> By.cssSelector: [placeholder='Name']
2024-11-14 11:49:24,355 INFO [Test worker] m.WDListener [WDListener.java:27] - Element with locator ---> By.cssSelector: [placeholder='Name'] is found
2024-11-14 11:49:24,586 INFO [Test worker] m.WDListener [WDListener.java:21] - Start looking for element by locator ---> By.cssSelector: [placeholder='Last Name']
2024-11-14 11:49:24,589 INFO [Test worker] m.WDListener [WDListener.java:27] - Element with locator ---> By.cssSelector: [placeholder='Last Name'] is found
2024-11-14 11:49:24,818 INFO [Test worker] m.WDListener [WDListener.java:21] - Start looking for element by locator ---> By.cssSelector: [placeholder='Phone']
2024-11-14 11:49:24,821 INFO [Test worker] m.WDListener [WDListener.java:27] - Element with locator ---> By.cssSelector: [placeholder='Phone'] is found
2024-11-14 11:49:25,046 INFO [Test worker] m.WDListener [WDListener.java:21] - Start looking for element by locator ---> By.cssSelector: [placeholder='email']
2024-11-14 11:49:25,049 INFO [Test worker] m.WDListener [WDListener.java:27] - Element with locator ---> By.cssSelector: [placeholder='email'] is found
2024-11-14 11:49:25,282 INFO [Test worker] m.WDListener [WDListener.java:21] - Start looking for element by locator ---> By.cssSelector: [placeholder='Address']
2024-11-14 11:49:25,286 INFO [Test worker] m.WDListener [WDListener.java:27] - Element with locator ---> By.cssSelector: [placeholder='Address'] is found
2024-11-14 11:49:25,542 INFO [Test worker] m.WDListener [WDListener.java:21] - Start looking for element by locator ---> By.cssSelector: [placeholder='description']
2024-11-14 11:49:25,545 INFO [Test worker] m.WDListener [WDListener.java:27] - Element with locator ---> By.cssSelector: [placeholder='description'] is found
2024-11-14 11:49:25,769 INFO [Test worker] m.WDListener [WDListener.java:21] - Start looking for element by locator ---> By.xpath: //button[.='Save']
2024-11-14 11:49:25,772 INFO [Test worker] m.WDListener [WDListener.java:27] - Element with locator ---> By.xpath: //button[.='Save'] is found
2024-11-14 11:49:25,984 INFO [Test worker] m.WDListener [WDListener.java:21] - Start looking for element by locator ---> By.xpath: //div[@class='contact-item_card__2SOIM'][last()]//h3
2024-11-14 11:49:26,326 INFO [Test worker] m.WDListener [WDListener.java:27] - Element with locator ---> By.xpath: //div[@class='contact-item_card__2SOIM'][last()]//h3 is found
2024-11-14 11:49:26,335 INFO [Test worker] m.NGListener [NGListener.java:22] - Test passed ---> addNewContactPositiveTest
2024-11-14 11:49:26,336 INFO [Test worker] t.TestBase [TestBase.java:29] - Finished test <--- addNewContactPositiveTest
2024-11-14 11:49:26,336 INFO [Test worker] t.TestBase [TestBase.java:30] - ========================================
2024-11-14 11:49:26,338 INFO [Test worker] t.TestBase [TestBase.java:24] - Starting test ---> loginPositiveTest
2024-11-14 11:49:26,338 INFO [Test worker] m.NGListener [NGListener.java:16] - Start test ---> loginPositiveTest
2024-11-14 11:49:26,338 INFO [Test worker] m.WDListener [WDListener.java:21] - Start looking for element by locator ---> By.xpath: //*[.='LOGIN']
2024-11-14 11:49:29,354 INFO [Test worker] m.WDListener [WDListener.java:33] - Something went wrong!!!
2024-11-14 11:49:29,355 INFO [Test worker] m.WDListener [WDListener.java:34] - Unable to locate element: //*[.='LOGIN']
For documentation on this error, please visit: https://selenium.dev/exceptions/#no_such_element
Build info: version: '4.8.0', revision: '267030adea'
System info: os.name: 'Mac OS X', os.arch: 'aarch64', os.version: '14.6.1', java.version: '23.0.1'
Driver info: org.openqa.selenium.firefox.FirefoxDriver
Command: [0c40d397-62b4-44fc-8fae-10dc38b556c9, findElement {using=xpath, value=//*[.='LOGIN']}]
Capabilities {acceptInsecureCerts: true, browserName: firefox, browserVersion: 132.0.1, moz:accessibilityChecks: false, moz:buildID: 20241103194048, moz:geckodriverVersion: 0.35.0, moz:headless: false, moz:platformVersion: 23.6.0, moz:processID: 2837, moz:profile: /var/folders/pz/m8h_44jj1k9..., moz:shutdownTimeout: 60000, moz:webdriverClick: true, moz:windowless: false, pageLoadStrategy: normal, platformName: MAC, proxy: Proxy(), setWindowRect: true, strictFileInteractability: false, timeouts: {implicit: 0, pageLoad: 300000, script: 30000}, unhandledPromptBehavior: dismiss and notify, userAgent: Mozilla/5.0 (Macintosh; Int...}
Session ID: 0c40d397-62b4-44fc-8fae-10dc38b556c9
2024-11-14 11:49:29,355 INFO [Test worker] m.WDListener [WDListener.java:35] - [Ljava.lang.StackTraceElement;@716e431d
2024-11-14 11:49:29,586 INFO [Test worker] m.WDListener [WDListener.java:40] - Here is the path to screenshot with error ---> src/test/screens/screenshot-349.png
2024-11-14 11:49:29,587 INFO [Test worker] m.NGListener [NGListener.java:28] - Test failed ---> org.openqa.selenium.NoSuchElementException: Unable to locate element: //*[.='LOGIN']
For documentation on this error, please visit: https://selenium.dev/exceptions/#no_such_element
Build info: version: '4.8.0', revision: '267030adea'
System info: os.name: 'Mac OS X', os.arch: 'aarch64', os.version: '14.6.1', java.version: '23.0.1'
Driver info: org.openqa.selenium.firefox.FirefoxDriver
Command: [0c40d397-62b4-44fc-8fae-10dc38b556c9, findElement {using=xpath, value=//*[.='LOGIN']}]
Capabilities {acceptInsecureCerts: true, browserName: firefox, browserVersion: 132.0.1, moz:accessibilityChecks: false, moz:buildID: 20241103194048, moz:geckodriverVersion: 0.35.0, moz:headless: false, moz:platformVersion: 23.6.0, moz:processID: 2837, moz:profile: /var/folders/pz/m8h_44jj1k9..., moz:shutdownTimeout: 60000, moz:webdriverClick: true, moz:windowless: false, pageLoadStrategy: normal, platformName: MAC, proxy: Proxy(), setWindowRect: true, strictFileInteractability: false, timeouts: {implicit: 0, pageLoad: 300000, script: 30000}, unhandledPromptBehavior: dismiss and notify, userAgent: Mozilla/5.0 (Macintosh; Int...}
Session ID: 0c40d397-62b4-44fc-8fae-10dc38b556c9
2024-11-14 11:49:29,588 INFO [Test worker] t.TestBase [TestBase.java:29] - Finished test <--- loginPositiveTest
2024-11-14 11:49:29,588 INFO [Test worker] t.TestBase [TestBase.java:30] - ========================================
2024-11-14 11:49:29,588 INFO [Test worker] t.TestBase [TestBase.java:24] - Starting test ---> registrationPositiveTest
2024-11-14 11:49:29,588 INFO [Test worker] m.NGListener [NGListener.java:16] - Start test ---> registrationPositiveTest
2024-11-14 11:49:29,588 INFO [Test worker] m.WDListener [WDListener.java:21] - Start looking for element by locator ---> By.xpath: //*[.='LOGIN']
2024-11-14 11:49:32,606 INFO [Test worker] m.WDListener [WDListener.java:33] - Something went wrong!!!
2024-11-14 11:49:32,606 INFO [Test worker] m.WDListener [WDListener.java:34] - Unable to locate element: //*[.='LOGIN']
For documentation on this error, please visit: https://selenium.dev/exceptions/#no_such_element
Build info: version: '4.8.0', revision: '267030adea'
System info: os.name: 'Mac OS X', os.arch: 'aarch64', os.version: '14.6.1', java.version: '23.0.1'
Driver info: org.openqa.selenium.firefox.FirefoxDriver
Command: [0c40d397-62b4-44fc-8fae-10dc38b556c9, findElement {using=xpath, value=//*[.='LOGIN']}]
Capabilities {acceptInsecureCerts: true, browserName: firefox, browserVersion: 132.0.1, moz:accessibilityChecks: false, moz:buildID: 20241103194048, moz:geckodriverVersion: 0.35.0, moz:headless: false, moz:platformVersion: 23.6.0, moz:processID: 2837, moz:profile: /var/folders/pz/m8h_44jj1k9..., moz:shutdownTimeout: 60000, moz:webdriverClick: true, moz:windowless: false, pageLoadStrategy: normal, platformName: MAC, proxy: Proxy(), setWindowRect: true, strictFileInteractability: false, timeouts: {implicit: 0, pageLoad: 300000, script: 30000}, unhandledPromptBehavior: dismiss and notify, userAgent: Mozilla/5.0 (Macintosh; Int...}
Session ID: 0c40d397-62b4-44fc-8fae-10dc38b556c9
2024-11-14 11:49:32,606 INFO [Test worker] m.WDListener [WDListener.java:35] - [Ljava.lang.StackTraceElement;@67b100fe
2024-11-14 11:49:32,815 INFO [Test worker] m.WDListener [WDListener.java:40] - Here is the path to screenshot with error ---> src/test/screens/screenshot-352.png
2024-11-14 11:49:32,816 INFO [Test worker] m.NGListener [NGListener.java:28] - Test failed ---> org.openqa.selenium.NoSuchElementException: Unable to locate element: //*[.='LOGIN']
For documentation on this error, please visit: https://selenium.dev/exceptions/#no_such_element
Build info: version: '4.8.0', revision: '267030adea'
System info: os.name: 'Mac OS X', os.arch: 'aarch64', os.version: '14.6.1', java.version: '23.0.1'
Driver info: org.openqa.selenium.firefox.FirefoxDriver
Command: [0c40d397-62b4-44fc-8fae-10dc38b556c9, findElement {using=xpath, value=//*[.='LOGIN']}]
Capabilities {acceptInsecureCerts: true, browserName: firefox, browserVersion: 132.0.1, moz:accessibilityChecks: false, moz:buildID: 20241103194048, moz:geckodriverVersion: 0.35.0, moz:headless: false, moz:platformVersion: 23.6.0, moz:processID: 2837, moz:profile: /var/folders/pz/m8h_44jj1k9..., moz:shutdownTimeout: 60000, moz:webdriverClick: true, moz:windowless: false, pageLoadStrategy: normal, platformName: MAC, proxy: Proxy(), setWindowRect: true, strictFileInteractability: false, timeouts: {implicit: 0, pageLoad: 300000, script: 30000}, unhandledPromptBehavior: dismiss and notify, userAgent: Mozilla/5.0 (Macintosh; Int...}
Session ID: 0c40d397-62b4-44fc-8fae-10dc38b556c9
2024-11-14 11:49:32,816 INFO [Test worker] t.TestBase [TestBase.java:29] - Finished test <--- registrationPositiveTest
2024-11-14 11:49:32,817 INFO [Test worker] t.TestBase [TestBase.java:30] - ========================================
2024-11-14 11:49:33,267 INFO [Test worker] m.ApplicationManager [ApplicationManager.java:49] - Test completed
